0 verbose cli [ '/usr/bin/node', '/usr/bin/npm', 'run', 'build' ]
1 info using npm@8.5.1
2 info using node@v12.22.9
3 timing npm:load:whichnode Completed in 0ms
4 timing config:load:defaults Completed in 2ms
5 timing config:load:file:/usr/share/nodejs/npm/npmrc Completed in 13ms
6 timing config:load:builtin Completed in 13ms
7 timing config:load:cli Completed in 8ms
8 timing config:load:env Completed in 0ms
9 timing config:load:file:/home/ubuntu/frontend-react-main/.npmrc Completed in 0ms
10 timing config:load:project Completed in 3ms
11 timing config:load:file:/home/ubuntu/.npmrc Completed in 0ms
12 timing config:load:user Completed in 0ms
13 timing config:load:file:/etc/npmrc Completed in 0ms
14 timing config:load:global Completed in 0ms
15 timing config:load:validate Completed in 0ms
16 timing config:load:credentials Completed in 6ms
17 timing config:load:setEnvs Completed in 2ms
18 timing config:load Completed in 36ms
19 timing npm:load:configload Completed in 37ms
20 timing npm:load:setTitle Completed in 0ms
21 timing config:load:flatten Completed in 4ms
22 timing npm:load:display Completed in 8ms
23 verbose logfile /home/ubuntu/.npm/_logs/2024-10-10T06_24_42_231Z-debug-0.log
24 timing npm:load:logFile Completed in 12ms
25 timing npm:load:timers Completed in 0ms
26 timing npm:load:configScope Completed in 0ms
27 timing npm:load Completed in 63ms
28 timing command:run Completed in 21331ms
29 verbose exit 0
30 timing npm Completed in 22017ms
31 info ok
