0 verbose cli [ '/usr/bin/node', '/usr/bin/npm', 'run', 'build' ]
1 info using npm@8.5.1
2 info using node@v12.22.9
3 timing npm:load:whichnode Completed in 0ms
4 timing config:load:defaults Completed in 2ms
5 timing config:load:file:/usr/share/nodejs/npm/npmrc Completed in 14ms
6 timing config:load:builtin Completed in 14ms
7 timing config:load:cli Completed in 7ms
8 timing config:load:env Completed in 1ms
9 timing config:load:project Completed in 1ms
10 timing config:load:file:/home/ubuntu/.npmrc Completed in 1ms
11 timing config:load:user Completed in 1ms
12 timing config:load:file:/etc/npmrc Completed in 0ms
13 timing config:load:global Completed in 0ms
14 timing config:load:validate Completed in 0ms
15 timing config:load:credentials Completed in 2ms
16 timing config:load:setEnvs Completed in 1ms
17 timing config:load Completed in 30ms
18 timing npm:load:configload Completed in 30ms
19 timing npm:load:setTitle Completed in 1ms
20 timing config:load:flatten Completed in 4ms
21 timing npm:load:display Completed in 7ms
22 verbose logfile /home/ubuntu/.npm/_logs/2024-10-10T06_14_18_512Z-debug-0.log
23 timing npm:load:logFile Completed in 8ms
24 timing npm:load:timers Completed in 0ms
25 timing npm:load:configScope Completed in 0ms
26 timing npm:load Completed in 47ms
27 timing command:run Completed in 3ms
28 verbose stack Error: ENOENT: no such file or directory, open '/home/ubuntu/package.json'
29 verbose cwd /home/ubuntu
30 verbose Linux 6.8.0-1015-aws
31 verbose argv "/usr/bin/node" "/usr/bin/npm" "run" "build"
32 verbose node v12.22.9
33 verbose npm  v8.5.1
34 error code ENOENT
35 error syscall open
36 error path /home/ubuntu/package.json
37 error errno -2
38 error enoent ENOENT: no such file or directory, open '/home/ubuntu/package.json'
39 error enoent This is related to npm not being able to find a file.
39 error enoent
40 verbose exit -2
41 timing npm Completed in 255ms
42 verbose code -2
43 error A complete log of this run can be found in:
43 error     /home/ubuntu/.npm/_logs/2024-10-10T06_14_18_512Z-debug-0.log
